2016-12-09 15:01:05.1123 INFO 用户2进入FaArchive/Index
2016-12-09 15:01:20.7392 INFO 用户2进入FaArchive/FaDocMgmt
2016-12-09 15:02:43.5389 INFO 用户2进入FaArchive/FaDocMgmt
2016-12-09 15:02:48.1612 INFO 用户2进入FaArchive/Index
2016-12-09 15:02:50.6383 INFO 用户2进入FaArchive/FaDocMgmt
2016-12-09 15:03:55.6081 INFO 用户2进入FaArchive/FaDocMgmt
2016-12-09 15:03:57.4052 INFO 用户2进入FaArchive/FaDocMgmt
2016-12-09 15:05:01.2768 INFO 用户2进入FaArchive/FaDocMgmt
2016-12-09 15:05:03.5800 INFO 用户2进入FaArchive/FaDocMgmt
2016-12-09 15:05:05.1860 INFO 用户2进入FaArchive/Index
2016-12-09 15:05:09.4113 INFO 用户2进入FaArchive/FaDocMgmt
2016-12-09 15:05:44.7703 INFO 用户2进入FaArchive/FaDocMgmt
2016-12-09 15:05:46.5324 INFO 用户2进入FaArchive/Index
2016-12-09 15:05:57.7741 INFO 用户2进入FaArchive/Index
2016-12-09 15:06:00.7802 INFO 用户2进入FaArchive/FaDocMgmt
2016-12-09 15:06:21.3494 INFO 用户2进入FaArchive/Index
2016-12-09 15:10:22.9262 INFO 用户2进入FaArchive/Index
2016-12-09 15:10:31.7387 INFO 用户2进入FaArchive/FaDocMgmt
2016-12-09 15:10:36.4610 INFO 用户2进入FaArchive/Index
2016-12-09 15:10:37.6731 INFO 用户2进入FaArchive/Index
2016-12-09 15:10:59.1113 INFO 用户2进入FaArchive/Index
2016-12-09 15:11:03.2125 INFO 用户2进入FaArchive/FaDocMgmt
2016-12-09 15:12:09.8103 INFO 用户2进入FaArchive/FaDocMgmt
2016-12-09 15:12:16.6577 INFO 用户2进入FaArchive/Index
2016-12-09 15:13:06.6396 INFO 用户2进入FaArchive/Index
2016-12-09 15:13:10.1478 INFO 用户2进入FaArchive/FaDocMgmt
2016-12-09 15:13:12.8459 INFO 用户2进入FaArchive/Index
2016-12-09 15:13:14.9451 INFO 用户2进入FaArchive/FaDocMgmt
2016-12-09 15:13:16.4511 INFO 用户2进入FaArchive/Index
2016-12-09 15:13:18.1982 INFO 用户2进入FaArchive/FaDocMgmt
2016-12-09 15:13:19.5373 INFO 用户2进入FaArchive/Index
2016-12-09 15:13:20.9334 INFO 用户2进入FaArchive/FaDocMgmt
2016-12-09 15:13:22.5355 INFO 用户2进入FaArchive/Index
2016-12-09 15:13:52.3912 INFO 用户2进入FaArchive/FaDocMgmt
2016-12-09 15:13:57.0695 INFO 用户2进入FaArchive/Index
2016-12-09 15:13:59.3066 INFO 用户2进入FaArchive/FaDocMgmt
2016-12-09 15:14:05.2739 INFO 用户2进入FaArchive/Index
2016-12-09 15:46:43.8648 INFO 用户2进入FaArchive/Index
2016-12-09 15:47:44.8157 INFO 用户2进入FaArchive/Index
2016-12-09 15:48:41.9806 INFO 用户2进入FaArchive/Index
2016-12-09 15:49:56.2023 INFO 用户2进入FaArchive/Index
2016-12-09 15:50:10.6823 INFO 用户2进入FaArchive/Index
2016-12-09 16:00:25.0049 INFO 用户2进入FaArchive/Index
2016-12-09 16:00:39.2610 INFO 用户2进入FaArchive/Index
2016-12-09 16:01:37.4666 INFO 用户2进入FaArchive/Index
2016-12-09 16:03:01.9964 INFO 用户2进入FaArchive/Index
2016-12-09 16:03:17.2282 INFO 用户2进入FaArchive/Index
2016-12-09 16:04:25.9032 INFO 用户2进入FaArchive/Index
2016-12-09 16:04:38.1493 INFO 用户2进入FaArchive/FaDocMgmt
2016-12-09 16:04:40.1160 INFO 用户2进入FaArchive/Index
2016-12-09 16:05:17.9225 INFO 用户2进入FaArchive/Index
2016-12-09 16:05:33.3993 INFO 用户2进入FaArchive/Index
2016-12-09 16:05:42.5232 INFO 用户2进入FaArchive/Index
2016-12-09 16:05:49.4683 INFO 用户2进入FaArchive/FaDocMgmt
2016-12-09 16:06:03.2746 INFO 用户2进入FaArchive/Index
2016-12-09 17:56:06.7662 INFO 用户2进入FaArchive/Index
2016-12-09 18:46:45.2930 INFO 用户2进入FaArchive/Index
2016-12-09 18:59:21.3601 INFO 用户2进入FaArchive/Index
2016-12-09 19:00:58.4445 INFO 用户2进入FaArchive/FaDocMgmt
2016-12-09 19:01:00.9792 INFO 用户2进入FaArchive/Index
2016-12-09 19:01:03.1931 INFO 用户2进入FaArchive/FaDocMgmt
2016-12-09 19:50:45.6951 INFO 用户2进入FaArchive/FaDocMgmt
2016-12-09 19:51:04.2015 INFO 用户2进入FaArchive/Index
2016-12-09 19:51:08.1470 INFO 用户2进入FaArchive/FaDocMgmt
2016-12-09 19:51:45.3725 INFO 用户2进入FaArchive/FaDocMgmt
2016-12-09 19:52:14.7811 INFO 用户2进入FaArchive/Index
2016-12-09 19:52:35.4547 INFO 用户2进入FaArchive/FaDocMgmt
2016-12-09 19:52:39.3824 INFO 用户2进入FaArchive/Index
2016-12-09 19:52:41.0661 INFO 用户2进入FaArchive/FaDocMgmt
2016-12-09 19:53:35.9960 INFO 用户2进入FaArchive/FaDocMgmt
2016-12-09 19:53:43.1839 INFO 用户2进入FaArchive/Index
2016-12-09 19:54:15.8248 INFO 用户2进入FaArchive/Index
2016-12-09 19:54:19.2840 INFO 用户2进入FaArchive/FaDocMgmt
2016-12-09 19:54:23.5990 INFO 用户2进入FaArchive/Index
2016-12-09 19:54:25.3427 INFO 用户2进入FaArchive/FaDocMgmt
2016-12-09 20:12:30.2863 INFO 用户2进入FaArchive/Index
2016-12-09 20:13:17.8217 INFO 用户2进入FaArchive/FaDocMgmt
2016-12-09 20:13:59.9202 INFO 用户2进入FaArchive/Index
2016-12-09 20:15:32.2455 INFO 用户2进入FaArchive/FaDocMgmt
2016-12-09 20:15:44.3096 ERROR FinanceDept/SaveFdDoc出现异常,ex.Message=序列不包含任何元素,ex.StackTrace=   在 System.Data.Linq.SqlClient.SqlProvider.Execute(Expression query, QueryInfo queryInfo, IObjectReaderFactory factory, Object[] parentArgs, Object[] userArgs, ICompiledSubQuery[] subQueries, Object lastResult)
   在 System.Data.Linq.SqlClient.SqlProvider.ExecuteAll(Expression query, QueryInfo[] queryInfos, IObjectReaderFactory factory, Object[] userArguments, ICompiledSubQuery[] subQueries)
   在 System.Data.Linq.SqlClient.SqlProvider.System.Data.Linq.Provider.IProvider.Execute(Expression query)
   在 System.Data.Linq.Table`1.System.Linq.IQueryProvider.Execute[TResult](Expression expression)
   在 System.Linq.Queryable.Single[TSource](IQueryable`1 source, Expression`1 predicate)
   在 BiostimeDataCapture.DataService.FaDocRepository.FindById(Int64 id) 位置 e:\项目开发\BiostimeDataCapture\BiostimeDataCapture.DataService\FaDocRepository.cs:行号 17
   在 BiostimeDataCapture.AppService.FaDocService.GetFdDocById(Int64 id) 位置 e:\项目开发\BiostimeDataCapture\BiostimeDataCapture.AppService\FaDocService.cs:行号 29
   在 BiostimeDataCapture.Controllers.FaArchiveController.SaveFaDoc(FaArchive faDoc) 位置 e:\项目开发\BiostimeDataCapture\BiostimeDataCapture\Controllers\FaArchiveController.cs:行号 115,执行人:2
2016-12-09 20:17:33.2814 ERROR FinanceDept/SaveFdDoc出现异常,ex.Message=序列不包含任何元素,ex.StackTrace=   在 System.Data.Linq.SqlClient.SqlProvider.Execute(Expression query, QueryInfo queryInfo, IObjectReaderFactory factory, Object[] parentArgs, Object[] userArgs, ICompiledSubQuery[] subQueries, Object lastResult)
   在 System.Data.Linq.SqlClient.SqlProvider.ExecuteAll(Expression query, QueryInfo[] queryInfos, IObjectReaderFactory factory, Object[] userArguments, ICompiledSubQuery[] subQueries)
   在 System.Data.Linq.SqlClient.SqlProvider.System.Data.Linq.Provider.IProvider.Execute(Expression query)
   在 System.Data.Linq.Table`1.System.Linq.IQueryProvider.Execute[TResult](Expression expression)
   在 System.Linq.Queryable.Single[TSource](IQueryable`1 source, Expression`1 predicate)
   在 BiostimeDataCapture.DataService.FaDocRepository.FindById(Int64 id) 位置 e:\项目开发\BiostimeDataCapture\BiostimeDataCapture.DataService\FaDocRepository.cs:行号 17
   在 BiostimeDataCapture.AppService.FaDocService.GetFdDocById(Int64 id) 位置 e:\项目开发\BiostimeDataCapture\BiostimeDataCapture.AppService\FaDocService.cs:行号 29
   在 BiostimeDataCapture.Controllers.FaArchiveController.SaveFaDoc(FaArchive faDoc) 位置 e:\项目开发\BiostimeDataCapture\BiostimeDataCapture\Controllers\FaArchiveController.cs:行号 115,执行人:2
2016-12-09 20:17:56.7545 INFO 用户2进入FaArchive/Index
2016-12-09 20:18:54.4971 INFO 用户2进入FaArchive/FaDocMgmt
2016-12-09 20:19:46.0040 INFO 用户2进入FaArchive/FaDocMgmt
2016-12-09 20:20:00.3935 INFO 用户2进入FaArchive/FaDocMgmt
2016-12-09 20:20:05.3054 ERROR FinanceDept/SaveFdDoc出现异常,ex.Message=序列不包含任何元素,ex.StackTrace=   在 System.Data.Linq.SqlClient.SqlProvider.Execute(Expression query, QueryInfo queryInfo, IObjectReaderFactory factory, Object[] parentArgs, Object[] userArgs, ICompiledSubQuery[] subQueries, Object lastResult)
   在 System.Data.Linq.SqlClient.SqlProvider.ExecuteAll(Expression query, QueryInfo[] queryInfos, IObjectReaderFactory factory, Object[] userArguments, ICompiledSubQuery[] subQueries)
   在 System.Data.Linq.SqlClient.SqlProvider.System.Data.Linq.Provider.IProvider.Execute(Expression query)
   在 System.Data.Linq.Table`1.System.Linq.IQueryProvider.Execute[TResult](Expression expression)
   在 System.Linq.Queryable.Single[TSource](IQueryable`1 source, Expression`1 predicate)
   在 BiostimeDataCapture.DataService.FaDocRepository.FindById(Int64 id) 位置 e:\项目开发\BiostimeDataCapture\BiostimeDataCapture.DataService\FaDocRepository.cs:行号 17
   在 BiostimeDataCapture.AppService.FaDocService.GetFdDocById(Int64 id) 位置 e:\项目开发\BiostimeDataCapture\BiostimeDataCapture.AppService\FaDocService.cs:行号 29
   在 BiostimeDataCapture.Controllers.FaArchiveController.SaveFaDoc(FaArchive faDoc) 位置 e:\项目开发\BiostimeDataCapture\BiostimeDataCapture\Controllers\FaArchiveController.cs:行号 115,执行人:2
2016-12-09 20:20:25.0603 INFO 用户2进入FaArchive/Index
2016-12-09 20:20:31.5810 INFO 用户2进入FaArchive/FaDocMgmt
2016-12-09 20:20:58.0239 ERROR FinanceDept/SaveFdDoc出现异常,ex.Message=序列不包含任何元素,ex.StackTrace=   在 System.Data.Linq.SqlClient.SqlProvider.Execute(Expression query, QueryInfo queryInfo, IObjectReaderFactory factory, Object[] parentArgs, Object[] userArgs, ICompiledSubQuery[] subQueries, Object lastResult)
   在 System.Data.Linq.SqlClient.SqlProvider.ExecuteAll(Expression query, QueryInfo[] queryInfos, IObjectReaderFactory factory, Object[] userArguments, ICompiledSubQuery[] subQueries)
   在 System.Data.Linq.SqlClient.SqlProvider.System.Data.Linq.Provider.IProvider.Execute(Expression query)
   在 System.Data.Linq.Table`1.System.Linq.IQueryProvider.Execute[TResult](Expression expression)
   在 System.Linq.Queryable.Single[TSource](IQueryable`1 source, Expression`1 predicate)
   在 BiostimeDataCapture.DataService.FaDocRepository.FindById(Int64 id) 位置 e:\项目开发\BiostimeDataCapture\BiostimeDataCapture.DataService\FaDocRepository.cs:行号 17
   在 BiostimeDataCapture.AppService.FaDocService.GetFdDocById(Int64 id) 位置 e:\项目开发\BiostimeDataCapture\BiostimeDataCapture.AppService\FaDocService.cs:行号 29
   在 BiostimeDataCapture.Controllers.FaArchiveController.SaveFaDoc(FaArchive faDoc) 位置 e:\项目开发\BiostimeDataCapture\BiostimeDataCapture\Controllers\FaArchiveController.cs:行号 115,执行人:2
2016-12-09 20:32:01.6046 INFO 用户2进入FaArchive/Index
2016-12-09 20:36:15.8139 INFO 用户2进入FaArchive/FaDocMgmt
2016-12-09 20:36:51.1687 ERROR FinanceDept/SaveFdDoc出现异常,ex.Message=序列不包含任何元素,ex.StackTrace=   在 System.Data.Linq.SqlClient.SqlProvider.Execute(Expression query, QueryInfo queryInfo, IObjectReaderFactory factory, Object[] parentArgs, Object[] userArgs, ICompiledSubQuery[] subQueries, Object lastResult)
   在 System.Data.Linq.SqlClient.SqlProvider.ExecuteAll(Expression query, QueryInfo[] queryInfos, IObjectReaderFactory factory, Object[] userArguments, ICompiledSubQuery[] subQueries)
   在 System.Data.Linq.SqlClient.SqlProvider.System.Data.Linq.Provider.IProvider.Execute(Expression query)
   在 System.Data.Linq.Table`1.System.Linq.IQueryProvider.Execute[TResult](Expression expression)
   在 System.Linq.Queryable.Single[TSource](IQueryable`1 source, Expression`1 predicate)
   在 BiostimeDataCapture.DataService.FaDocRepository.FindById(Int64 id) 位置 e:\项目开发\BiostimeDataCapture\BiostimeDataCapture.DataService\FaDocRepository.cs:行号 17
   在 BiostimeDataCapture.AppService.FaDocService.GetFdDocById(Int64 id) 位置 e:\项目开发\BiostimeDataCapture\BiostimeDataCapture.AppService\FaDocService.cs:行号 29
   在 BiostimeDataCapture.Controllers.FaArchiveController.SaveFaDoc(FaArchive faDoc) 位置 e:\项目开发\BiostimeDataCapture\BiostimeDataCapture\Controllers\FaArchiveController.cs:行号 115,执行人:2
2016-12-09 21:01:39.5717 INFO 用户2进入FaArchive/FaDocMgmt
2016-12-09 21:01:44.3142 INFO 用户2进入FaArchive/FaDocMgmt
2016-12-09 21:01:59.2756 INFO 用户2进入FaArchive/Index
2016-12-09 21:03:07.3294 INFO 用户2进入FaArchive/FaDocMgmt
2016-12-09 21:03:21.9712 INFO 用户2进入FaArchive/FaDocMgmt
2016-12-09 21:08:48.2767 INFO 用户2进入FaArchive/Index
2016-12-09 21:09:28.5512 INFO 用户2进入FaArchive/FaDocMgmt
2016-12-09 21:28:03.6834 INFO 用户2进入FaArchive/FaDocMgmt
2016-12-09 21:33:07.3528 INFO 用户2进入FaArchive/FaDocMgmt
2016-12-09 21:33:33.2128 INFO 用户2进入FaArchive/FaDocMgmt
2016-12-09 21:33:38.6729 INFO FdDoc数据保存成功，编号:11,操作人:2,时间:2016/12/9 21:33:38。
2016-12-09 21:33:57.4050 INFO 用户2进入FaArchive/FaDocMgmt
2016-12-09 21:34:00.4358 INFO FdDoc数据保存成功，编号:11,操作人:2,时间:2016/12/9 21:34:00。
2016-12-09 21:34:19.1109 INFO FdDoc数据保存成功，编号:11,操作人:2,时间:2016/12/9 21:34:19。
2016-12-09 21:34:22.7010 INFO 用户2进入FaArchive/FaDocMgmt
2016-12-09 21:34:24.1720 INFO FdDoc数据保存成功，编号:11,操作人:2,时间:2016/12/9 21:34:24。
2016-12-09 21:34:25.0322 INFO 用户2进入FaArchive/FaDocMgmt
2016-12-09 21:34:26.9167 INFO 用户2进入FaArchive/Index
2016-12-09 21:34:29.4893 INFO 用户2进入FaArchive/FaDocMgmt
2016-12-09 21:34:33.5938 INFO FdDoc数据保存成功，编号:11,操作人:2,时间:2016/12/9 21:34:33。
2016-12-09 21:34:34.4884 INFO 用户2进入FaArchive/FaDocMgmt
2016-12-09 21:34:35.1074 INFO 用户2进入FaArchive/Index
2016-12-09 21:43:25.7042 INFO 用户2进入FaArchive/FaDocMgmt
2016-12-09 21:43:29.4592 INFO FdDoc数据保存成功，编号:15,操作人:2,时间:2016/12/9 21:43:29。
2016-12-09 21:43:30.4478 INFO 用户2进入FaArchive/FaDocMgmt
2016-12-09 21:43:30.9297 INFO 用户2进入FaArchive/Index
2016-12-09 21:43:35.1205 INFO 用户2进入FaArchive/FaDocMgmt
2016-12-09 21:43:37.8236 INFO FdDoc数据保存成功，编号:16,操作人:2,时间:2016/12/9 21:43:37。
2016-12-09 21:43:38.9850 INFO 用户2进入FaArchive/FaDocMgmt
2016-12-09 21:43:39.6424 INFO 用户2进入FaArchive/Index
2016-12-09 21:43:41.4595 INFO 用户2进入FaArchive/FaDocMgmt
2016-12-09 21:43:43.1335 INFO 用户2进入FaArchive/Index
2016-12-09 21:43:45.0176 INFO 用户2进入FaArchive/FaDocMgmt
2016-12-09 21:43:52.2944 INFO 用户2进入FaArchive/Index
2016-12-09 21:44:05.3402 INFO 用户2进入FaArchive/Index
2016-12-09 21:44:09.0339 INFO 用户2进入FaArchive/FaDocMgmt
2016-12-09 21:44:12.7776 INFO 用户2进入FaArchive/FaDocMgmt
2016-12-09 21:44:14.7669 INFO FdDoc数据保存成功，编号:18,操作人:2,时间:2016/12/9 21:44:14。
2016-12-09 21:44:16.0409 INFO 用户2进入FaArchive/FaDocMgmt
2016-12-09 21:44:17.5413 INFO 用户2进入FaArchive/Index
2016-12-09 21:45:55.9655 INFO 用户2进入FaArchive/FaDocMgmt
2016-12-09 21:45:57.4775 INFO 用户2进入FaArchive/Index
2016-12-09 21:45:59.4138 INFO 用户2进入FaArchive/FaDocMgmt
2016-12-09 21:46:01.4588 INFO FdDoc数据保存成功，编号:18,操作人:2,时间:2016/12/9 21:46:01。
2016-12-09 21:46:02.4262 INFO 用户2进入FaArchive/FaDocMgmt
2016-12-09 21:46:03.4583 INFO 用户2进入FaArchive/Index
2016-12-09 21:46:07.5509 INFO 用户2进入FaArchive/FaDocMgmt
2016-12-09 21:46:13.4352 INFO FdDoc数据保存成功，编号:19,操作人:2,时间:2016/12/9 21:46:13。
2016-12-09 21:46:14.6412 INFO 用户2进入FaArchive/FaDocMgmt
2016-12-09 21:47:17.9534 INFO 用户2进入FaArchive/FaDocMgmt
2016-12-09 21:47:21.2659 INFO 用户2进入FaArchive/Index
