2016-12-20 00:03:42.7242 INFO 用户2进入FaArchive/FaDocMgmt
2016-12-20 00:03:55.3328 ERROR FaArchive/ArgeeJieyue出现异常,ex.Message=序列不包含任何元素,ex.StackTrace=   在 System.Data.Linq.SqlClient.SqlProvider.Execute(Expression query, QueryInfo queryInfo, IObjectReaderFactory factory, Object[] parentArgs, Object[] userArgs, ICompiledSubQuery[] subQueries, Object lastResult)
   在 System.Data.Linq.SqlClient.SqlProvider.ExecuteAll(Expression query, QueryInfo[] queryInfos, IObjectReaderFactory factory, Object[] userArguments, ICompiledSubQuery[] subQueries)
   在 System.Data.Linq.SqlClient.SqlProvider.System.Data.Linq.Provider.IProvider.Execute(Expression query)
   在 System.Data.Linq.Table`1.System.Linq.IQueryProvider.Execute[TResult](Expression expression)
   在 System.Linq.Queryable.First[TSource](IQueryable`1 source, Expression`1 predicate)
   在 BiostimeDataCapture.DataService.FaJieyueDocRepository.UpdateJieyueZhuangtai(Int64 id, JieyueZhuangtaiEnum zhuangtai) 位置 e:\项目开发\BiostimeDataCapture\BiostimeDataCapture.DataService\FaJieyueDocRepository.cs:行号 15
   在 BiostimeDataCapture.AppService.FaDocService.UpdateJieyueZhuangtai(Int64 id, JieyueZhuangtaiEnum zhuangtai) 位置 e:\项目开发\BiostimeDataCapture\BiostimeDataCapture.AppService\FaDocService.cs:行号 40
   在 BiostimeDataCapture.Controllers.FaArchiveController.ArgeeJieyue(Int64 id) 位置 e:\项目开发\BiostimeDataCapture\BiostimeDataCapture\Controllers\FaArchiveController.cs:行号 231,执行人:2
2016-12-20 00:04:24.9384 ERROR FaArchive/ArgeeJieyue出现异常,ex.Message=序列不包含任何元素,ex.StackTrace=   在 System.Data.Linq.SqlClient.SqlProvider.Execute(Expression query, QueryInfo queryInfo, IObjectReaderFactory factory, Object[] parentArgs, Object[] userArgs, ICompiledSubQuery[] subQueries, Object lastResult)
   在 System.Data.Linq.SqlClient.SqlProvider.ExecuteAll(Expression query, QueryInfo[] queryInfos, IObjectReaderFactory factory, Object[] userArguments, ICompiledSubQuery[] subQueries)
   在 System.Data.Linq.SqlClient.SqlProvider.System.Data.Linq.Provider.IProvider.Execute(Expression query)
   在 System.Data.Linq.Table`1.System.Linq.IQueryProvider.Execute[TResult](Expression expression)
   在 System.Linq.Queryable.First[TSource](IQueryable`1 source, Expression`1 predicate)
   在 BiostimeDataCapture.DataService.FaJieyueDocRepository.UpdateJieyueZhuangtai(Int64 id, JieyueZhuangtaiEnum zhuangtai) 位置 e:\项目开发\BiostimeDataCapture\BiostimeDataCapture.DataService\FaJieyueDocRepository.cs:行号 15
   在 BiostimeDataCapture.AppService.FaDocService.UpdateJieyueZhuangtai(Int64 id, JieyueZhuangtaiEnum zhuangtai) 位置 e:\项目开发\BiostimeDataCapture\BiostimeDataCapture.AppService\FaDocService.cs:行号 40
   在 BiostimeDataCapture.Controllers.FaArchiveController.ArgeeJieyue(Int64 id) 位置 e:\项目开发\BiostimeDataCapture\BiostimeDataCapture\Controllers\FaArchiveController.cs:行号 231,执行人:2
2016-12-20 00:04:42.0055 INFO 用户2进入FaArchive/Index
2016-12-20 00:08:00.9146 INFO 用户2进入FaArchive/Index
2016-12-20 10:17:19.1111 INFO 用户2进入FaArchive/Index
2016-12-20 10:21:42.0217 INFO 用户2进入FaArchive/Index
2016-12-20 10:22:40.3372 INFO 用户2进入FaArchive/Index
2016-12-20 11:11:22.5160 INFO 用户2进入FaArchive/Index
2016-12-20 11:29:30.8548 INFO 用户2进入FaArchive/Index
2016-12-20 11:29:33.8183 INFO 用户2进入FaArchive/Index
2016-12-20 11:32:53.2142 INFO 用户2进入FaArchive/FaDocMgmt
2016-12-20 11:32:54.8112 INFO 用户2进入FaArchive/Index
2016-12-20 11:32:56.7085 INFO 用户2进入FaArchive/FaDocMgmt
2016-12-20 11:32:58.1249 INFO FdDoc数据保存成功，编号:1,操作人:2,时间:2016/12/20 11:32:58。
2016-12-20 11:32:59.3325 INFO 用户2进入FaArchive/FaDocMgmt
2016-12-20 11:33:00.4774 INFO 用户2进入FaArchive/Index
2016-12-20 11:43:15.3733 INFO 用户2进入FaArchive/Index
2016-12-20 16:20:23.3195 INFO 用户2进入FaArchive/Index
2016-12-20 16:21:35.7292 INFO 用户2进入FaArchive/Index
2016-12-20 16:21:37.1440 INFO 用户2进入FaArchive/FaDocMgmt
2016-12-20 16:21:39.3729 INFO 用户2进入FaArchive/Index
2016-12-20 16:21:44.0942 INFO 用户2进入FaArchive/Index
