2017-02-15 10:55:48.3781 INFO 用户2进入FaArchive/Index
2017-02-15 11:16:25.5875 INFO 用户2进入FaArchive/Index
2017-02-15 11:38:24.9171 INFO 用户2进入FaArchive/Index
2017-02-15 11:42:23.9743 INFO 用户2进入FaArchive/Index
2017-02-15 13:33:51.3667 INFO 用户2进入FaArchive/Index
2017-02-15 13:48:44.0163 INFO 用户2进入FaArchive/Index
2017-02-15 13:54:03.5980 INFO 用户2进入FaArchive/Index
2017-02-15 13:55:03.4839 INFO 用户2进入FaArchive/Index
2017-02-15 13:56:49.7836 INFO 用户2进入FaArchive/Index
2017-02-15 14:13:35.5174 INFO 用户2进入FaArchive/FaLendDocMgmt
2017-02-15 14:44:08.7727 INFO 用户2进入FaArchive/Index
2017-02-15 15:14:32.6585 INFO 用户2进入FaArchive/Index
2017-02-15 15:14:38.7950 INFO 用户2进入FaArchive/Index
2017-02-15 15:22:39.4370 INFO 用户2进入FaArchive/Index
2017-02-15 15:30:17.3714 INFO 用户2进入FaArchive/Index
2017-02-15 15:31:47.9158 INFO 用户2进入FaArchive/Index
2017-02-15 15:35:13.2372 INFO 用户2进入FaArchive/Index
2017-02-15 15:46:16.7487 INFO 用户2进入FaArchive/Index
2017-02-15 15:46:44.5488 INFO 用户2进入FaArchive/Index
2017-02-15 15:48:42.3853 INFO 用户2进入FaArchive/Index
2017-02-15 15:49:26.6341 INFO 用户2进入FaArchive/Index
2017-02-15 15:50:16.8108 INFO 用户2进入FaArchive/Index
2017-02-15 15:50:17.2158 INFO 用户2进入FaArchive/Index
2017-02-15 15:56:02.5679 INFO 用户2进入FaArchive/Index
2017-02-15 15:57:08.2508 INFO 用户2进入FaArchive/Index
2017-02-15 16:27:36.7443 INFO 用户2进入FaArchive/Index
2017-02-15 16:29:52.9115 INFO 用户2进入FaArchive/Index
2017-02-15 16:30:05.8538 INFO 用户2进入FaArchive/Index
2017-02-15 16:30:52.4485 INFO 用户2进入FaArchive/Index
2017-02-15 16:31:57.6564 INFO 用户2进入FaArchive/Index
2017-02-15 16:34:32.2327 INFO 用户2进入FaArchive/Index
2017-02-15 16:34:53.4582 INFO 用户2进入FaArchive/Index
2017-02-15 16:35:08.5985 INFO 用户2进入FaArchive/Index
2017-02-15 16:35:27.1116 INFO 用户2进入FaArchive/Index
2017-02-15 16:35:38.9305 INFO 用户2进入FaArchive/Index
2017-02-15 16:36:46.6922 INFO 用户2进入FaArchive/Index
2017-02-15 16:37:11.5654 INFO 用户2进入FaArchive/Index
2017-02-15 18:50:12.2631 INFO 用户2进入FaArchive/Index
2017-02-15 18:51:57.0148 INFO 用户2进入FaArchive/FaDocMgmt
2017-02-15 18:52:02.1517 INFO FdDoc数据保存成功，编号:15,操作人:2,时间:2017/2/15 18:52:02。
2017-02-15 18:53:35.2764 INFO 用户2进入FaArchive/Index
2017-02-15 19:20:58.7236 INFO 用户2进入FaArchive/Index
2017-02-15 19:21:47.1163 INFO 用户2进入FaArchive/Index
2017-02-15 19:23:35.3697 INFO 用户2进入FaArchive/Index
2017-02-15 19:24:27.9331 INFO 用户2进入FaArchive/Index
2017-02-15 19:25:35.1558 INFO 用户2进入FaArchive/Index
2017-02-15 19:28:11.5675 INFO 用户2进入FaArchive/Index
2017-02-15 19:29:31.1180 INFO 用户2进入FaArchive/Index
2017-02-15 19:55:30.5666 INFO 用户2进入FaArchive/Index
2017-02-15 19:55:49.0985 INFO 用户2进入FaArchive/FaLendDocMgmt
2017-02-15 20:00:46.4265 INFO 用户2进入FaArchive/FaLendDocMgmt
2017-02-15 20:01:32.1751 INFO 用户2进入FaArchive/FaLendDocMgmt
2017-02-15 20:01:50.2232 INFO 用户2进入FaArchive/FaLendDocMgmt
2017-02-15 20:02:10.0362 INFO 用户2进入FaArchive/FaLendDocMgmt
2017-02-15 20:04:16.7635 INFO 用户2进入FaArchive/FaLendDocMgmt
2017-02-15 20:04:29.1118 INFO 用户2进入FaArchive/FaLendDocMgmt
2017-02-15 20:04:33.1137 INFO FaLendDoc数据保存成功，编号:3,操作人:2,时间:2017/2/15 20:04:33。
2017-02-15 20:04:34.1485 INFO 用户2进入FaArchive/FaLendDocMgmt
2017-02-15 20:04:46.5791 INFO 用户2进入FaArchive/FaLendDocMgmt
2017-02-15 20:05:05.4783 INFO 用户2进入FaArchive/Index
2017-02-15 20:05:10.8295 INFO 用户2进入FaArchive/FaHgDocMgmt
2017-02-15 20:05:13.3269 INFO 用户2进入FaArchive/Index
2017-02-15 21:28:19.7559 INFO 用户2进入FaArchive/Index
2017-02-15 21:29:09.8512 INFO 用户2进入FaArchive/Index
2017-02-15 21:29:15.4918 INFO 用户2进入FaArchive/Index
