2017-02-16 09:03:34.6985 INFO 用户2进入FaArchive/Index
2017-02-16 09:18:20.9587 INFO 用户2进入FaArchive/FaHgDocMgmt
2017-02-16 09:18:44.1029 INFO 用户2进入FaArchive/Index
2017-02-16 09:18:47.7851 INFO 用户2进入FaArchive/FaEgDocMgmt
2017-02-16 09:18:56.2333 INFO 用户2进入FaArchive/Index
2017-02-16 09:18:59.8694 INFO 用户2进入FaArchive/FaBgMgmt
2017-02-16 09:19:06.0475 INFO 用户2进入FaArchive/Index
2017-02-16 09:41:15.7479 INFO 用户2进入FaArchive/Index
2017-02-16 09:42:14.7570 INFO 用户2进入FaArchive/ExportEgToExcel,执行凭证档案信息导出操作.
2017-02-16 09:42:40.3895 INFO 用户2进入FaArchive/ExportHgToExcel,执行海关缴款书档案信息导出操作.
2017-02-16 09:46:28.7291 INFO 用户2进入FaArchive/Index
2017-02-16 09:48:50.2703 INFO 用户2进入FaArchive/ExportEgToExcel,执行凭证档案信息导出操作.
2017-02-16 09:48:58.6887 INFO 用户2进入FaArchive/ExportHgToExcel,执行海关缴款书档案信息导出操作.
2017-02-16 09:49:02.8519 INFO 用户2进入FaArchive/ExportBgToExcel,执行报告档案信息导出操作.
2017-02-16 10:51:41.1947 INFO 用户2进入FaArchive/Index
2017-02-16 10:54:48.5440 INFO 用户2进入FaArchive/Index
2017-02-16 10:54:48.5440 INFO 用户2进入FaArchive/Index
2017-02-16 11:28:44.6487 INFO 用户2进入FaArchive/Index
2017-02-16 11:33:08.4788 INFO 用户2进入FaArchive/Index
2017-02-16 11:33:42.1246 INFO 用户2进入FaArchive/Index
2017-02-16 11:36:24.4064 INFO 用户2进入FaArchive/Index
2017-02-16 11:37:33.5890 INFO 用户2进入FaArchive/Index
2017-02-16 11:38:27.4303 INFO 用户2进入FaArchive/Index
2017-02-16 11:38:58.5316 INFO 用户2进入FaArchive/Index
2017-02-16 11:39:24.0238 INFO 用户2进入FaArchive/Index
2017-02-16 11:39:47.9695 INFO 用户2进入FaArchive/Index
2017-02-16 11:40:44.6221 INFO 用户2进入FaArchive/Index
2017-02-16 11:41:12.2275 INFO 用户2进入FaArchive/Index
2017-02-16 11:41:40.9079 INFO 用户2进入FaArchive/Index
2017-02-16 14:04:56.4812 INFO 用户2进入FaArchive/Index
2017-02-16 14:07:13.4416 INFO 用户2进入FaArchive/Index
2017-02-16 14:13:15.8597 INFO 用户2进入FaArchive/Index
2017-02-16 15:32:39.0571 INFO 用户2进入FaArchive/Index
2017-02-16 15:33:27.2248 INFO 用户2进入FaArchive/FaEgDocMgmt
2017-02-16 15:34:14.8706 INFO 用户2进入FaArchive/FaEgDocMgmt
2017-02-16 15:34:33.6322 INFO 用户2进入FaArchive/FaEgDocMgmt
2017-02-16 15:34:43.2594 INFO 用户2进入FaArchive/FaEgDocMgmt
2017-02-16 15:34:49.9926 INFO 用户2进入FaArchive/FaEgDocMgmt
2017-02-16 15:34:57.7908 INFO 用户2进入FaArchive/FaEgDocMgmt
2017-02-16 15:35:03.7351 INFO 用户2进入FaArchive/FaEgDocMgmt
2017-02-16 15:35:23.4735 INFO 用户2进入FaArchive/FaEgDocMgmt
2017-02-16 15:35:35.5137 INFO 用户2进入FaArchive/FaEgDocMgmt
2017-02-16 15:35:45.3290 INFO 用户2进入FaArchive/Index
2017-02-16 15:35:53.4391 INFO 用户2进入FaArchive/Index
2017-02-16 15:35:57.7573 INFO 用户2进入FaArchive/FaEgDocMgmt
2017-02-16 15:36:10.0975 INFO 用户2进入FaArchive/FaEgDocMgmt
2017-02-16 15:38:24.3620 INFO 用户2进入FaArchive/FaEgDocMgmt
2017-02-16 15:38:30.3712 INFO FdDoc数据保存成功，编号:7,操作人:2,时间:2017/2/16 15:38:30。
2017-02-16 15:39:52.4939 INFO 用户2进入FaArchive/Index
2017-02-16 15:43:25.3271 INFO 用户2进入FaArchive/Index
2017-02-16 15:43:38.1837 INFO 用户2进入FaArchive/FaEgDocMgmt
2017-02-16 15:43:43.0048 INFO FdDoc数据保存成功，编号:14,操作人:2,时间:2017/2/16 15:43:43。
2017-02-16 15:44:14.7203 INFO 用户2进入FaArchive/Index
2017-02-16 15:44:20.2014 INFO 用户2进入FaArchive/FaEgDocMgmt
2017-02-16 15:44:24.3925 INFO FdDoc数据保存成功，编号:14,操作人:2,时间:2017/2/16 15:44:24。
2017-02-16 15:44:25.5835 INFO 用户2进入FaArchive/FaEgDocMgmt
2017-02-16 15:44:26.9646 INFO 用户2进入FaArchive/Index
2017-02-16 15:44:32.9497 INFO 用户2进入FaArchive/FaEgDocMgmt
2017-02-16 15:44:36.2018 INFO FdDoc数据保存成功，编号:7,操作人:2,时间:2017/2/16 15:44:36。
2017-02-16 15:44:37.1968 INFO 用户2进入FaArchive/FaEgDocMgmt
2017-02-16 15:44:37.7369 INFO 用户2进入FaArchive/Index
2017-02-16 15:54:32.0497 INFO 用户2进入FaArchive/Index
2017-02-16 15:55:50.2098 INFO 用户2进入FaArchive/Index
2017-02-16 15:58:43.3861 INFO 用户2进入FaArchive/Index
2017-02-16 16:00:33.4634 INFO 用户2进入FaArchive/Index
2017-02-16 16:01:14.1469 INFO 用户2进入FaArchive/Index
2017-02-16 16:01:38.3362 INFO 用户2进入FaArchive/Index
2017-02-16 21:53:49.9711 INFO 用户2进入FaArchive/Index
