2017-02-13 08:50:34.3913 INFO 用户2进入FaArchive/Index
2017-02-13 08:57:18.4568 INFO 用户2进入FaArchive/Index
2017-02-13 09:19:28.6630 INFO 用户2进入FaArchive/Index
2017-02-13 09:26:34.0753 INFO 用户2进入FaArchive/FaDocMgmt
2017-02-13 09:26:46.8815 INFO 用户2进入FaArchive/Index
2017-02-13 09:27:16.9699 INFO 用户2进入FaArchive/Index
2017-02-13 09:43:48.2860 INFO 用户2进入FaArchive/FaDocMgmt
2017-02-13 09:43:58.4014 INFO 用户2进入FaArchive/Index
2017-02-13 09:47:41.3433 INFO 用户2进入FaArchive/Index
2017-02-13 09:47:46.4644 INFO 用户2进入FaArchive/FaDocMgmt
2017-02-13 09:47:48.5066 INFO 用户2进入FaArchive/Index
2017-02-13 09:48:15.0584 INFO 用户2进入FaArchive/Index
2017-02-13 09:48:40.9335 INFO 用户2进入FaArchive/FaDocMgmt
2017-02-13 09:48:43.4216 INFO 用户2进入FaArchive/Index
2017-02-13 09:50:34.3949 INFO 用户2进入FaArchive/Index
2017-02-13 09:51:24.8088 INFO 用户2进入FaArchive/Index
2017-02-13 09:51:31.3612 INFO 用户2进入FaArchive/FaDocMgmt
2017-02-13 09:52:42.8740 INFO 用户2进入FaArchive/Index
2017-02-13 09:53:29.5879 INFO 用户2进入FaArchive/FaDocMgmt
2017-02-13 09:54:09.6643 INFO 用户2进入FaArchive/FaDocMgmt
2017-02-13 09:54:11.7040 INFO 用户2进入FaArchive/Index
2017-02-13 09:54:15.0953 INFO 用户2进入FaArchive/FaDocMgmt
2017-02-13 10:07:14.2450 INFO 用户2进入FaArchive/FaDocMgmt
2017-02-13 10:07:14.2450 INFO 用户2进入FaArchive/FaDocMgmt
2017-02-13 10:07:14.2450 INFO 用户2进入FaArchive/FaDocMgmt
2017-02-13 10:08:51.3940 INFO 用户2进入FaArchive/Index
2017-02-13 10:08:59.0228 INFO 用户2进入FaArchive/FaDocMgmt
2017-02-13 10:10:56.8458 INFO 用户2进入FaArchive/FaDocMgmt
2017-02-13 10:10:56.8458 INFO 用户2进入FaArchive/FaDocMgmt
2017-02-13 10:10:56.8458 INFO 用户2进入FaArchive/FaDocMgmt
2017-02-13 10:11:06.5054 INFO 用户2进入FaArchive/Index
2017-02-13 10:12:24.0545 INFO 用户2进入FaArchive/FaDocMgmt
2017-02-13 10:12:32.8810 INFO 用户2进入FaArchive/Index
2017-02-13 10:12:38.7703 INFO 用户2进入FaArchive/FaDocMgmt
2017-02-13 10:16:58.5307 INFO 用户2进入FaArchive/FaDocMgmt
2017-02-13 10:17:08.5116 INFO 用户2进入FaArchive/Index
2017-02-13 10:17:18.7236 INFO 用户2进入FaArchive/FaDocMgmt
2017-02-13 10:17:20.5249 INFO 用户2进入FaArchive/Index
2017-02-13 10:18:14.8520 INFO 用户2进入FaArchive/Index
2017-02-13 10:18:19.9397 INFO 用户2进入FaArchive/FaDocMgmt
2017-02-13 10:18:21.6000 INFO 用户2进入FaArchive/Index
2017-02-13 10:22:38.4795 INFO 用户2进入FaArchive/Index
2017-02-13 10:24:20.9259 INFO 用户2进入FaArchive/Index
2017-02-13 10:24:34.5237 INFO 用户2进入FaArchive/FaDocMgmt
2017-02-13 10:24:36.5278 INFO 用户2进入FaArchive/Index
2017-02-13 10:33:12.2553 INFO 用户2进入FaArchive/FaDocMgmt
2017-02-13 10:36:07.2299 INFO 用户2进入FaArchive/Index
2017-02-13 10:36:19.2996 INFO 用户2进入FaArchive/FaReportMgmt
2017-02-13 10:36:51.5695 INFO 用户2进入FaArchive/Index
2017-02-13 10:36:55.6927 INFO 用户2进入FaArchive/FaReportMgmt
2017-02-13 10:36:57.0868 INFO 用户2进入FaArchive/Index
2017-02-13 10:36:59.7399 INFO 用户2进入FaArchive/FaDocMgmt
2017-02-13 10:37:01.2950 INFO 用户2进入FaArchive/Index
2017-02-13 10:48:17.6938 INFO 用户2进入FaArchive/Index
2017-02-13 10:48:40.8451 INFO 用户2进入FaArchive/FaReportMgmt
2017-02-13 10:48:42.8852 INFO 用户2进入FaArchive/Index
2017-02-13 10:48:47.1875 INFO 用户2进入FaArchive/FaDocMgmt
2017-02-13 10:49:31.6145 INFO 用户2进入FaArchive/FaDocMgmt
2017-02-13 11:21:11.6589 INFO 用户2进入FaArchive/Index
2017-02-13 11:22:01.1666 INFO 用户2进入FaArchive/Index
2017-02-13 11:22:36.1553 INFO 用户2进入FaArchive/FaReportMgmt
2017-02-13 11:22:38.1971 INFO 用户2进入FaArchive/Index
2017-02-13 11:22:41.9768 INFO 用户2进入FaArchive/FaReportMgmt
2017-02-13 11:22:43.5614 INFO 用户2进入FaArchive/Index
2017-02-13 11:22:53.0967 INFO 用户2进入FaArchive/FaDocMgmt
2017-02-13 11:22:54.8796 INFO 用户2进入FaArchive/Index
2017-02-13 11:23:01.1296 INFO 用户2进入FaArchive/FaDocMgmt
2017-02-13 11:28:25.6887 INFO 用户2进入FaArchive/Index
2017-02-13 11:28:32.9831 INFO 用户2进入FaArchive/FaDocMgmt
2017-02-13 11:28:34.4252 INFO 用户2进入FaArchive/Index
2017-02-13 11:28:39.9825 INFO 用户2进入FaArchive/FaDocMgmt
2017-02-13 11:28:41.4286 INFO 用户2进入FaArchive/Index
2017-02-13 11:32:16.0887 INFO 用户2进入FaArchive/FaReportMgmt
2017-02-13 11:33:01.3063 INFO 用户2进入FaArchive/Index
2017-02-13 11:33:18.3472 INFO 用户2进入FaArchive/Index
2017-02-13 11:33:24.2151 INFO 用户2进入FaArchive/Index
2017-02-13 11:33:30.8630 INFO 用户2进入FaArchive/Index
2017-02-13 11:33:39.7233 INFO 用户2进入FaArchive/Index
2017-02-13 11:33:50.1180 INFO 用户2进入FaArchive/Index
2017-02-13 11:33:59.6340 INFO 用户2进入FaArchive/Index
2017-02-13 11:34:43.6654 INFO 用户2进入FaArchive/Index
2017-02-13 11:38:09.6434 INFO 用户2进入FaArchive/FaDocMgmt
2017-02-13 11:38:11.2498 INFO 用户2进入FaArchive/Index
2017-02-13 11:38:13.4145 INFO 用户2进入FaArchive/FaDocMgmt
2017-02-13 11:38:18.8065 INFO 用户2进入FaArchive/Index
2017-02-13 11:38:21.1090 INFO 用户2进入FaArchive/FaReportMgmt
2017-02-13 11:38:22.3558 INFO 用户2进入FaArchive/Index
2017-02-13 11:39:35.6850 INFO 用户2进入FaArchive/Index
2017-02-13 11:42:32.9981 INFO 用户2进入FaArchive/Index
2017-02-13 11:42:45.8103 INFO 用户2进入FaArchive/FaReportMgmt
2017-02-13 11:42:55.9794 INFO 用户2进入FaArchive/Index
2017-02-13 11:43:00.3514 INFO 用户2进入FaArchive/FaReportMgmt
2017-02-13 11:43:02.8463 INFO FdDoc数据保存成功，编号:1,操作人:2,时间:2017/2/13 11:43:02。
2017-02-13 11:43:13.5984 INFO FdDoc数据保存成功，编号:1,操作人:2,时间:2017/2/13 11:43:13。
2017-02-13 11:43:39.9951 INFO FdDoc数据保存成功，编号:1,操作人:2,时间:2017/2/13 11:43:39。
2017-02-13 11:43:46.7170 INFO 用户2进入FaArchive/Index
2017-02-13 11:43:49.7778 INFO 用户2进入FaArchive/FaReportMgmt
2017-02-13 11:43:51.2240 INFO FdDoc数据保存成功，编号:1,操作人:2,时间:2017/2/13 11:43:51。
2017-02-13 11:44:45.2209 INFO 用户2进入FaArchive/Index
2017-02-13 11:44:47.4570 INFO 用户2进入FaArchive/FaReportMgmt
2017-02-13 11:44:49.1741 INFO FdDoc数据保存成功，编号:2,操作人:2,时间:2017/2/13 11:44:49。
2017-02-13 11:47:39.7309 INFO 用户2进入FaArchive/Index
2017-02-13 11:47:39.7309 INFO 用户2进入FaArchive/FaBgMgmt
2017-02-13 11:48:58.4276 INFO 用户2进入FaArchive/FaBgMgmt
2017-02-13 11:49:00.8626 INFO 用户2进入FaArchive/Index
2017-02-13 11:49:03.4521 INFO 用户2进入FaArchive/FaBgMgmt
2017-02-13 11:49:04.8647 INFO FdDoc数据保存成功，编号:1,操作人:2,时间:2017/2/13 11:49:04。
2017-02-13 11:49:47.2472 INFO 用户2进入FaArchive/Index
2017-02-13 11:50:06.0736 INFO 用户2进入FaArchive/Index
2017-02-13 13:40:26.8329 INFO 用户2进入FaArchive/FaBgMgmt
2017-02-13 13:42:37.2679 INFO FdDoc数据保存成功，编号:1,操作人:2,时间:2017/2/13 13:42:37。
2017-02-13 13:42:38.5927 INFO 用户2进入FaArchive/FaBgMgmt
2017-02-13 13:42:39.6781 INFO 用户2进入FaArchive/Index
2017-02-13 13:44:40.7244 INFO 用户2进入FaArchive/Index
2017-02-13 13:45:43.2923 INFO 用户2进入FaArchive/Index
2017-02-13 13:45:45.3300 INFO 用户2进入FaArchive/FaBgMgmt
2017-02-13 13:45:49.5906 INFO FdDoc数据保存成功，编号:1,操作人:2,时间:2017/2/13 13:45:49。
2017-02-13 13:45:50.8664 INFO 用户2进入FaArchive/FaBgMgmt
2017-02-13 13:45:52.0833 INFO 用户2进入FaArchive/Index
2017-02-13 13:45:56.0596 INFO 用户2进入FaArchive/FaBgMgmt
2017-02-13 13:45:59.1432 INFO FdDoc数据保存成功，编号:1,操作人:2,时间:2017/2/13 13:45:59。
2017-02-13 13:46:00.1886 INFO 用户2进入FaArchive/FaBgMgmt
2017-02-13 13:46:01.6967 INFO 用户2进入FaArchive/Index
2017-02-13 14:08:26.4046 INFO 用户2进入FaArchive/FaBgMgmt
2017-02-13 14:08:29.6798 INFO 用户2进入FaArchive/Index
2017-02-13 14:08:49.7282 INFO 用户2进入FaArchive/Index
2017-02-13 14:09:07.0390 INFO 用户2进入FaArchive/Index
2017-02-13 14:09:20.2397 INFO 用户2进入FaArchive/Index
2017-02-13 14:09:30.9863 INFO 用户2进入FaArchive/Index
2017-02-13 14:09:42.3955 INFO 用户2进入FaArchive/Index
2017-02-13 14:10:06.9133 INFO 用户2进入FaArchive/Index
2017-02-13 14:11:00.7342 INFO 用户2进入FaArchive/Index
2017-02-13 14:11:20.1997 INFO 用户2进入FaArchive/Index
2017-02-13 14:11:31.3695 INFO 用户2进入FaArchive/Index
2017-02-13 14:11:41.7376 INFO 用户2进入FaArchive/Index
2017-02-13 14:13:36.7689 INFO 用户2进入FaArchive/Index
2017-02-13 14:16:50.7397 INFO 用户2进入FaArchive/FaBgMgmt
2017-02-13 14:16:52.1878 INFO 用户2进入FaArchive/Index
2017-02-13 14:40:13.2869 INFO 用户2进入FaArchive/Index
2017-02-13 14:44:30.6137 INFO 用户2进入FaArchive/Index
2017-02-13 14:56:38.3476 INFO 用户2进入FaArchive/Index
2017-02-13 15:20:37.5418 INFO 用户2进入FaArchive/FaDocMgmt
2017-02-13 15:20:39.1162 INFO 用户2进入FaArchive/Index
2017-02-13 15:21:29.6716 INFO 用户2进入FaArchive/Index
2017-02-13 15:31:05.5347 INFO 用户2进入FaArchive/Index
2017-02-13 15:35:36.0165 INFO 用户2进入FaArchive/Index
2017-02-13 15:36:07.7789 INFO 用户2进入FaArchive/Index
2017-02-13 15:46:11.1779 INFO 用户2进入FaArchive/Index
2017-02-13 15:48:13.2416 INFO 用户2进入FaArchive/FaLendDocMgmt
2017-02-13 17:18:28.1479 INFO 用户2进入FaArchive/Index
