2017-02-23 08:31:05.3192 INFO 用户2进入FaArchive/Index
2017-02-23 08:33:41.5156 INFO AdCompany数据保存成功，编号:6,I操作人:2,时间:2017/2/23 8:33:41。
2017-02-23 08:34:44.1570 ERROR FaCabinetNo/SaveCabinetNo出现异常,ex.Message=未将对象引用设置到对象的实例。,ex.StackTrace=   在 BiostimeDataCapture.Controllers.FaCabinetNoController.SaveCabinetNo(FaCabinetNo cabinetNo) 位置 e:\项目开发\BiostimeDataCapture\BiostimeDataCapture\Controllers\FaCabinetNoController.cs:行号 107,执行人:2
2017-02-23 08:41:41.7804 INFO 用户2进入FaArchive/Index
2017-02-23 08:42:33.8673 ERROR FaCabinetNo/SaveCabinetNo出现异常,ex.Message=未将对象引用设置到对象的实例。,ex.StackTrace=   在 BiostimeDataCapture.Controllers.FaCabinetNoController.SaveCabinetNo(FaCabinetNo cabinetNo) 位置 e:\项目开发\BiostimeDataCapture\BiostimeDataCapture\Controllers\FaCabinetNoController.cs:行号 107,执行人:2
2017-02-23 08:43:41.0145 INFO 用户2进入FaArchive/Index
2017-02-23 08:44:01.8232 ERROR FaCabinetNo/SaveCabinetNo出现异常,ex.Message=未将对象引用设置到对象的实例。,ex.StackTrace=   在 BiostimeDataCapture.Controllers.FaCabinetNoController.SaveCabinetNo(FaCabinetNo cabinetNo) 位置 e:\项目开发\BiostimeDataCapture\BiostimeDataCapture\Controllers\FaCabinetNoController.cs:行号 107,执行人:2
2017-02-23 08:46:04.3988 INFO 用户2进入FaArchive/Index
2017-02-23 08:46:50.4468 ERROR FaCabinetNo/SaveCabinetNo出现异常,ex.Message=未将对象引用设置到对象的实例。,ex.StackTrace=   在 BiostimeDataCapture.Controllers.FaCabinetNoController.SaveCabinetNo(FaCabinetNo cabinetNo) 位置 e:\项目开发\BiostimeDataCapture\BiostimeDataCapture\Controllers\FaCabinetNoController.cs:行号 107,执行人:2
2017-02-23 08:55:51.3743 ERROR FaCabinetNo/SaveCabinetNo出现异常,ex.Message=未将对象引用设置到对象的实例。,ex.StackTrace=   在 BiostimeDataCapture.Controllers.FaCabinetNoController.SaveCabinetNo(FaCabinetNo cabinetNo) 位置 e:\项目开发\BiostimeDataCapture\BiostimeDataCapture\Controllers\FaCabinetNoController.cs:行号 107,执行人:2
2017-02-23 08:58:32.6469 ERROR FaCabinetNo/SaveCabinetNo出现异常,ex.Message=未将对象引用设置到对象的实例。,ex.StackTrace=   在 BiostimeDataCapture.Controllers.FaCabinetNoController.SaveCabinetNo(FaCabinetNo cabinetNo) 位置 e:\项目开发\BiostimeDataCapture\BiostimeDataCapture\Controllers\FaCabinetNoController.cs:行号 107,执行人:2
2017-02-23 09:03:07.1674 ERROR FaCabinetNo/SaveCabinetNo出现异常,ex.Message=未将对象引用设置到对象的实例。,ex.StackTrace=   在 BiostimeDataCapture.Controllers.FaCabinetNoController.SaveCabinetNo(FaCabinetNo cabinetNo) 位置 e:\项目开发\BiostimeDataCapture\BiostimeDataCapture\Controllers\FaCabinetNoController.cs:行号 107,执行人:2
2017-02-23 09:03:56.6861 INFO 用户2进入FaArchive/Index
2017-02-23 09:05:06.7063 ERROR FaCabinetNo/SaveCabinetNo出现异常,ex.Message=未将对象引用设置到对象的实例。,ex.StackTrace=   在 BiostimeDataCapture.Controllers.FaCabinetNoController.SaveCabinetNo(FaCabinetNo cabinetNo) 位置 e:\项目开发\BiostimeDataCapture\BiostimeDataCapture\Controllers\FaCabinetNoController.cs:行号 107,执行人:2
2017-02-23 09:06:41.6299 ERROR FaCabinetNo/SaveCabinetNo出现异常,ex.Message=未将对象引用设置到对象的实例。,ex.StackTrace=   在 BiostimeDataCapture.Controllers.FaCabinetNoController.SaveCabinetNo(FaCabinetNo cabinetNo) 位置 e:\项目开发\BiostimeDataCapture\BiostimeDataCapture\Controllers\FaCabinetNoController.cs:行号 107,执行人:2
2017-02-23 09:09:29.3771 INFO 用户2进入FaArchive/Index
2017-02-23 09:09:59.2204 ERROR FaCabinetNo/SaveCabinetNo出现异常,ex.Message=未将对象引用设置到对象的实例。,ex.StackTrace=   在 BiostimeDataCapture.Controllers.FaCabinetNoController.SaveCabinetNo(FaCabinetNo cabinetNo) 位置 e:\项目开发\BiostimeDataCapture\BiostimeDataCapture\Controllers\FaCabinetNoController.cs:行号 107,执行人:2
2017-02-23 09:18:42.9594 INFO 用户2进入FaArchive/Index
2017-02-23 09:19:48.4600 ERROR FaCabinetNo/SaveCabinetNo出现异常,ex.Message=未将对象引用设置到对象的实例。,ex.StackTrace=   在 BiostimeDataCapture.Controllers.FaCabinetNoController.SaveCabinetNo(FaCabinet cabinetNo) 位置 e:\项目开发\BiostimeDataCapture\BiostimeDataCapture\Controllers\FaCabinetNoController.cs:行号 108,执行人:2
2017-02-23 13:34:21.8219 INFO 用户2进入FaArchive/Index
2017-02-23 13:56:48.8324 ERROR FaCabinetNo/SaveCabinetNo出现异常,ex.Message=未将对象引用设置到对象的实例。,ex.StackTrace=   在 BiostimeDataCapture.Controllers.FaCabinetNoController.SaveCabinetNo(FaCabinet cabinetNo) 位置 e:\项目开发\BiostimeDataCapture\BiostimeDataCapture\Controllers\FaCabinetNoController.cs:行号 108,执行人:2
2017-02-23 14:02:59.3985 INFO 用户2进入FaArchive/Index
2017-02-23 14:05:19.6413 ERROR FaCompany/SaveCompany出现异常,ex.Message=不能将值 NULL 插入列 'Name'，表 'BiostimeDataCapture.dbo.FaCompany'；列不允许有 Null 值。INSERT 失败。
语句已终止。,ex.StackTrace=   在 System.Data.SqlClient.SqlConnection.OnError(SqlException exception, Boolean breakConnection, Action`1 wrapCloseInAction)
   在 System.Data.SqlClient.SqlInternalConnection.OnError(SqlException exception, Boolean breakConnection, Action`1 wrapCloseInAction)
   在 System.Data.SqlClient.TdsParser.ThrowExceptionAndWarning(TdsParserStateObject stateObj, Boolean callerHasConnectionLock, Boolean asyncClose)
   在 System.Data.SqlClient.TdsParser.TryRun(RunBehavior runBehavior, SqlCommand cmdHandler, SqlDataReader dataStream, BulkCopySimpleResultSet bulkCopyHandler, TdsParserStateObject stateObj, Boolean& dataReady)
   在 System.Data.SqlClient.SqlDataReader.TryConsumeMetaData()
   在 System.Data.SqlClient.SqlDataReader.get_MetaData()
   在 System.Data.SqlClient.SqlCommand.FinishExecuteReader(SqlDataReader ds, RunBehavior runBehavior, String resetOptionsString)
   在 System.Data.SqlClient.SqlCommand.RunExecuteReaderTds(CommandBehavior cmdBehavior, RunBehavior runBehavior, Boolean returnStream, Boolean async, Int32 timeout, Task& task, Boolean asyncWrite, SqlDataReader ds)
   在 System.Data.SqlClient.SqlCommand.RunExecuteReader(CommandBehavior cmdBehavior, RunBehavior runBehavior, Boolean returnStream, String method, TaskCompletionSource`1 completion, Int32 timeout, Task& task, Boolean asyncWrite)
   在 System.Data.SqlClient.SqlCommand.RunExecuteReader(CommandBehavior cmdBehavior, RunBehavior runBehavior, Boolean returnStream, String method)
   在 System.Data.SqlClient.SqlCommand.ExecuteReader(CommandBehavior behavior, String method)
   在 System.Data.SqlClient.SqlCommand.ExecuteDbDataReader(CommandBehavior behavior)
   在 System.Data.Common.DbCommand.ExecuteReader()
   在 System.Data.Linq.SqlClient.SqlProvider.Execute(Expression query, QueryInfo queryInfo, IObjectReaderFactory factory, Object[] parentArgs, Object[] userArgs, ICompiledSubQuery[] subQueries, Object lastResult)
   在 System.Data.Linq.SqlClient.SqlProvider.ExecuteAll(Expression query, QueryInfo[] queryInfos, IObjectReaderFactory factory, Object[] userArguments, ICompiledSubQuery[] subQueries)
   在 System.Data.Linq.SqlClient.SqlProvider.System.Data.Linq.Provider.IProvider.Execute(Expression query)
   在 System.Data.Linq.ChangeDirector.StandardChangeDirector.DynamicInsert(TrackedObject item)
   在 System.Data.Linq.ChangeDirector.StandardChangeDirector.Insert(TrackedObject item)
   在 System.Data.Linq.ChangeProcessor.SubmitChanges(ConflictMode failureMode)
   在 System.Data.Linq.DataContext.SubmitChanges(ConflictMode failureMode)
   在 System.Data.Linq.DataContext.SubmitChanges()
   在 BiostimeDataCapture.DataService.FaCompanyRepository.Save(FaCompany entity) 位置 e:\项目开发\BiostimeDataCapture\BiostimeDataCapture.DataService\FaCompanyRepository.cs:行号 54
   在 BiostimeDataCapture.AppService.FaDocService.SaveCompany(FaCompany entity) 位置 e:\项目开发\BiostimeDataCapture\BiostimeDataCapture.AppService\FaDocService.cs:行号 98
   在 BiostimeDataCapture.Controllers.FaCabinetNoController.SaveCabinetNo(FaCompany company) 位置 e:\项目开发\BiostimeDataCapture\BiostimeDataCapture\Controllers\FaCabinetNoController.cs:行号 123,执行人:2
2017-02-23 14:17:17.8415 INFO 用户2进入FaArchive/Index
2017-02-23 14:19:32.5279 INFO 用户2进入FaArchive/Index
2017-02-23 14:20:50.3733 INFO 用户2进入FaArchive/Index
2017-02-23 14:22:59.5491 INFO 用户2进入FaArchive/Index
2017-02-23 14:24:20.7400 INFO 用户2进入FaArchive/Index
2017-02-23 14:25:17.7598 INFO 用户2进入FaArchive/Index
2017-02-23 14:26:11.7214 INFO 用户2进入FaArchive/Index
2017-02-23 14:27:28.7632 INFO 用户2进入FaArchive/Index
2017-02-23 14:31:47.9021 INFO 用户2进入FaArchive/Index
2017-02-23 14:32:31.9106 INFO FaCabinetNo数据保存成功，编号:13,I操作人:2,时间:2017/2/23 14:32:31。
2017-02-23 14:33:06.0792 INFO 用户2进入FaArchive/Index
2017-02-23 14:34:57.7101 INFO 用户2进入FaArchive/Index
2017-02-23 14:35:26.3123 INFO 用户2进入FaArchive/Index
2017-02-23 14:59:32.2900 INFO 用户2进入FaArchive/Index
2017-02-23 15:01:10.0724 INFO FaCabinetNo数据保存成功，编号:14,I操作人:2,时间:2017/2/23 15:01:09。
2017-02-23 15:08:14.1573 INFO 用户2进入FaArchive/Index
2017-02-23 15:12:03.9050 INFO FaCabinetNo数据保存成功，编号:15,I操作人:2,时间:2017/2/23 15:12:03。
